\BOOKMARK [1][-]{section.1}{Nichtrelativistische Quantenmechanik}{}% 1
\BOOKMARK [2][-]{subsection.1.0}{Wiederholung der Quantenmechanik}{section.1}% 2
\BOOKMARK [3][-]{subsubsection.1.0.1}{Zustand eines Systems}{subsection.1.0}% 3
\BOOKMARK [3][-]{subsubsection.1.0.2}{Zeitentwicklung und Schr\366dingergleichung}{subsection.1.0}% 4
\BOOKMARK [3][-]{subsubsection.1.0.3}{Physikalische Observablen}{subsection.1.0}% 5
\BOOKMARK [3][-]{subsubsection.1.0.4}{Messung und Projektionspostulat}{subsection.1.0}% 6
\BOOKMARK [3][-]{subsubsection.1.0.5}{Beispiel: freies Teilchen}{subsection.1.0}% 7
\BOOKMARK [3][-]{subsubsection.1.0.6}{Harmonischer Oszillator}{subsection.1.0}% 8
\BOOKMARK [3][-]{subsubsection.1.0.7}{Drehimpuls}{subsection.1.0}% 9
\BOOKMARK [2][-]{subsection.1.1}{Addition von Drehimpulsen}{section.1}% 10
\BOOKMARK [3][-]{subsubsection.1.1.1}{Addition von zwei Spin 12 Operatoren}{subsection.1.1}% 11
\BOOKMARK [3][-]{subsubsection.1.1.2}{Addition von zwei allg. Drehimpulsoperatoren}{subsection.1.1}% 12
\BOOKMARK [2][-]{subsection.1.2}{Zeitabh\344ngige St\366rungstheorie}{section.1}% 13
\BOOKMARK [3][-]{subsubsection.1.2.1}{Zeitabh\344ngigkeit in der Schr\366dingertheorie}{subsection.1.2}% 14
\BOOKMARK [3][-]{subsubsection.1.2.2}{Zeitunabh\344ngige St\366rungstheorie}{subsection.1.2}% 15
\BOOKMARK [3][-]{subsubsection.1.2.3}{Zeitabh\344ngigkeiten in der Quantenmechanik}{subsection.1.2}% 16
\BOOKMARK [3][-]{subsubsection.1.2.4}{\334bergangswahrscheinlichkeit}{subsection.1.2}% 17
\BOOKMARK [2][-]{subsection.1.3}{Streutheorie}{section.1}% 18
\BOOKMARK [3][-]{subsubsection.1.3.1}{Streuung eines Wellenpakets}{subsection.1.3}% 19
\BOOKMARK [3][-]{subsubsection.1.3.2}{Formale L\366sung der zeitunabh\344ngigen Schr\366dingergleichung}{subsection.1.3}% 20
\BOOKMARK [3][-]{subsubsection.1.3.3}{Streuquerschnitt und Wirkungsquerschnitt}{subsection.1.3}% 21
\BOOKMARK [3][-]{subsubsection.1.3.4}{L\366sung des Radialteils der freien Schr\366dinger Gleichung}{subsection.1.3}% 22
\BOOKMARK [3][-]{subsubsection.1.3.5}{Partialwellen-Zerlegung}{subsection.1.3}% 23
\BOOKMARK [3][-]{subsubsection.1.3.6}{Bornsche N\344herung}{subsection.1.3}% 24
\BOOKMARK [3][-]{subsubsection.1.3.7}{Streuung am Yukawa-Potential}{subsection.1.3}% 25
\BOOKMARK [3][-]{subsubsection.1.3.8}{Resonanzstreuung am Potentialtopf}{subsection.1.3}% 26
\BOOKMARK [2][-]{subsection.1.4}{Propagatoren und Quantendynamik}{section.1}% 27
\BOOKMARK [3][-]{subsubsection.1.4.1}{Propagatoren und die Greensche Funktion}{subsection.1.4}% 28
\BOOKMARK [3][-]{subsubsection.1.4.2}{Pfadintegralformilierung der Quantenmechanik}{subsection.1.4}% 29
\BOOKMARK [3][-]{subsubsection.1.4.3}{Eichtransformationen}{subsection.1.4}% 30
\BOOKMARK [3][-]{subsubsection.1.4.4}{Der Aharonov-Bohm-Effekt}{subsection.1.4}% 31
\BOOKMARK [1][-]{section.2}{Relativistische Elektrodynamik}{}% 32
\BOOKMARK [2][-]{subsection.2.1}{Spezielle Relativit\344tstheorie}{section.2}% 33
\BOOKMARK [3][-]{subsubsection.2.1.1}{Koordinatentransformation und Newtonsche Mechanik}{subsection.2.1}% 34
\BOOKMARK [3][-]{subsubsection.2.1.2}{Elektrodynamik}{subsection.2.1}% 35
\BOOKMARK [3][-]{subsubsection.2.1.3}{Lorentztransformationen}{subsection.2.1}% 36
\BOOKMARK [3][-]{subsubsection.2.1.4}{Vierervektoren / Tensorrechnung}{subsection.2.1}% 37
\BOOKMARK [3][-]{subsubsection.2.1.5}{Relativistische Mechanik}{subsection.2.1}% 38
\BOOKMARK [2][-]{subsection.2.2}{Kovariante Formulierung der Elektrodynamik}{section.2}% 39
\BOOKMARK [3][-]{subsubsection.2.2.1}{Viererstrom}{subsection.2.2}% 40
\BOOKMARK [3][-]{subsubsection.2.2.2}{Viererpotential}{subsection.2.2}% 41
\BOOKMARK [3][-]{subsubsection.2.2.3}{Feldst\344rketensor}{subsection.2.2}% 42
\BOOKMARK [3][-]{subsubsection.2.2.4}{Geladenes Teilchen}{subsection.2.2}% 43
\BOOKMARK [2][-]{subsection.2.3}{Lagrangeformalismus}{section.2}% 44
\BOOKMARK [3][-]{subsubsection.2.3.1}{Mechanik eines freien Teilchens}{subsection.2.3}% 45
\BOOKMARK [3][-]{subsubsection.2.3.2}{Mechanik mit elektromagnetischem Feld}{subsection.2.3}% 46
\BOOKMARK [3][-]{subsubsection.2.3.3}{Felder}{subsection.2.3}% 47
\BOOKMARK [3][-]{subsubsection.2.3.4}{Felder und Teilchen}{subsection.2.3}% 48
\BOOKMARK [3][-]{subsubsection.2.3.5}{Energie-Impuls- oder Spannungstensor}{subsection.2.3}% 49
\BOOKMARK [3][-]{subsubsection.2.3.6}{Energie-Impuls-Tensor des elektromagnetischen Feldes}{subsection.2.3}% 50
\BOOKMARK [2][-]{subsection.2.4}{L\366sung der Wellengleichung in kovarianter Form}{section.2}% 51
\BOOKMARK [1][-]{section.3}{Relativistische Quantenmechanik}{}% 52
\BOOKMARK [2][-]{subsection.3.1}{Klein-Gordon-Gleichung}{section.3}% 53
\BOOKMARK [2][-]{subsection.3.2}{Dirac-Gleichung}{section.3}% 54
\BOOKMARK [3][-]{subsubsection.3.2.1}{L\366sungen der Klein-Gordon-Gleichung}{subsection.3.2}% 55
\BOOKMARK [3][-]{subsubsection.3.2.2}{Konstruktion des Viererstroms}{subsection.3.2}% 56
\BOOKMARK [3][-]{subsubsection.3.2.3}{Konstruktion des Spinorraums, Dirac-Darstellung}{subsection.3.2}% 57
\BOOKMARK [3][-]{subsubsection.3.2.4}{Kovariante Form der Dirac- Gleichung}{subsection.3.2}% 58
\BOOKMARK [3][-]{subsubsection.3.2.5}{Nachweis der Kovarianz}{subsection.3.2}% 59
\BOOKMARK [2][-]{subsection.3.3}{L\366sungen der Dirac-Gleichung und der nicht relativistische Grenzfall}{section.3}% 60
\BOOKMARK [3][-]{subsubsection.3.3.1}{Ruhende Teilchen t = 0}{subsection.3.3}% 61
\BOOKMARK [3][-]{subsubsection.3.3.2}{Ebene Wellen}{subsection.3.3}% 62
\BOOKMARK [3][-]{subsubsection.3.3.3}{Ankopplung des elektromagnetischen Feldes}{subsection.3.3}% 63
\BOOKMARK [3][-]{subsubsection.3.3.4}{Nicht-relativistischer Grenzfall, Pauli-Gleichung}{subsection.3.3}% 64
\BOOKMARK [3][-]{subsubsection.3.3.5}{Spin, Helizit\344t, Chiralit\344t}{subsection.3.3}% 65
\BOOKMARK [3][-]{subsubsection.3.3.6}{Zitterbewegung}{subsection.3.3}% 66
\BOOKMARK [3][-]{subsubsection.3.3.7}{L\366chertheorie}{subsection.3.3}% 67
\BOOKMARK [1][-]{section.4}{Quantenfeldtheorie}{}% 68
\BOOKMARK [2][-]{subsection.4.1}{Teilchensysteme}{section.4}% 69
\BOOKMARK [3][-]{subsubsection.4.1.1}{Ein Teilchen}{subsection.4.1}% 70
\BOOKMARK [3][-]{subsubsection.4.1.2}{Zwei identische Teilchen}{subsection.4.1}% 71
\BOOKMARK [3][-]{subsubsection.4.1.3}{Viele Teilchen}{subsection.4.1}% 72
\BOOKMARK [3][-]{subsubsection.4.1.4}{Fockraum}{subsection.4.1}% 73
\BOOKMARK [2][-]{subsection.4.2}{Erzeuger und Vernichter}{section.4}% 74
\BOOKMARK [3][-]{subsubsection.4.2.1}{Bosonen:}{subsection.4.2}% 75
\BOOKMARK [3][-]{subsubsection.4.2.2}{Fermionen}{subsection.4.2}% 76
\BOOKMARK [2][-]{subsection.4.3}{Operatoren in zweiter Quantisierung}{section.4}% 77
\BOOKMARK [3][-]{subsubsection.4.3.1}{Einteilchenoperator}{subsection.4.3}% 78
\BOOKMARK [3][-]{subsubsection.4.3.2}{Zweiteilchenoperaor}{subsection.4.3}% 79
\BOOKMARK [3][-]{subsubsection.4.3.3}{Hamiltonoperator}{subsection.4.3}% 80
\BOOKMARK [2][-]{subsection.4.4}{Feldoperatoren}{section.4}% 81
\BOOKMARK [3][-]{subsubsection.4.4.1}{Basiswechsel}{subsection.4.4}% 82
\BOOKMARK [3][-]{subsubsection.4.4.2}{Ortsdarstellung}{subsection.4.4}% 83
\BOOKMARK [3][-]{subsubsection.4.4.3}{Bewegungsgleichung}{subsection.4.4}% 84
\BOOKMARK [3][-]{subsubsection.4.4.4}{Impulsdarstellung / Feynmandiagramme}{subsection.4.4}% 85
\BOOKMARK [3][-]{subsubsection.4.4.5}{Spin}{subsection.4.4}% 86
\BOOKMARK [2][-]{subsection.4.5}{Feldquantisierung der Diractheorie}{section.4}% 87
\BOOKMARK [3][-]{subsubsection.4.5.1}{Erzeugungs- und Vernichtungsoperatoren}{subsection.4.5}% 88
\BOOKMARK [3][-]{subsubsection.4.5.2}{Feldoperatoren}{subsection.4.5}% 89
\BOOKMARK [3][-]{subsubsection.4.5.3}{Hamiltonoperator}{subsection.4.5}% 90
\BOOKMARK [2][-]{subsection.4.6}{Quantisierung des Strahlungsfeldes}{section.4}% 91
\BOOKMARK [3][-]{subsubsection.4.6.1}{Normalmoden, Photonen}{subsection.4.6}% 92
\BOOKMARK [3][-]{subsubsection.4.6.2}{Feldoperatoren}{subsection.4.6}% 93
\BOOKMARK [3][-]{subsubsection.4.6.3}{Strahlungs\374berg\344nge, QED}{subsection.4.6}% 94
\BOOKMARK [3][-]{subsubsection.4.6.4}{Der Casimir-Effekt}{subsection.4.6}% 95
